# JRE version: Java(TM) SE Runtime Environment (8.0_192-b12) (build 1.8.0_192-b12)
# Java VM: Java HotSpot(TM) 64-Bit Server VM (25.192-b12 mixed mode windows-amd64 compressed oops)
Heap:
 PSYoungGen      total 288768K, used 23006K [0x00000000d6000000, 0x00000000e9580000, 0x0000000100000000)
  eden space 269312K, 8% used [0x00000000d6000000,0x00000000d7677be8,0x00000000e6700000)
  from space 19456K, 0% used [0x00000000e8280000,0x00000000e8280000,0x00000000e9580000)
  to   space 22528K, 0% used [0x00000000e6980000,0x00000000e6980000,0x00000000e7f80000)
 ParOldGen       total 106496K, used 34575K [0x0000000082000000, 0x0000000088800000, 0x00000000d6000000)
  object space 106496K, 32% used [0x0000000082000000,0x00000000841c3fc0,0x0000000088800000)
 Metaspace       used 58082K, capacity 60722K, committed 60800K, reserved 1101824K
  class space    used 7822K, capacity 8280K, committed 8320K, reserved 1048576K
GC Heap History (10 events):
Event: 2.541 GC heap before
{Heap before GC invocations=9 (full 1):
 PSYoungGen      total 137728K, used 120742K [0x00000000d6000000, 0x00000000e3e80000, 0x0000000100000000)
  eden space 129536K, 86% used [0x00000000d6000000,0x00000000dcdecf50,0x00000000dde80000)
  from space 8192K, 99% used [0x00000000dde80000,0x00000000de67c9c8,0x00000000de680000)
  to   space 10752K, 0% used [0x00000000e3400000,0x00000000e3400000,0x00000000e3e80000)
 ParOldGen       total 46592K, used 9075K [0x0000000082000000, 0x0000000084d80000, 0x00000000d6000000)
  object space 46592K, 19% used [0x0000000082000000,0x00000000828dcf90,0x0000000084d80000)
 Metaspace       used 33837K, capacity 35346K, committed 35496K, reserved 1079296K
  class space    used 4480K, capacity 4790K, committed 4864K, reserved 1048576K
Event: 2.552 GC heap after
Heap after GC invocations=9 (full 1):
 PSYoungGen      total 212480K, used 10727K [0x00000000d6000000, 0x00000000e5680000, 0x0000000100000000)
  eden space 201728K, 0% used [0x00000000d6000000,0x00000000d6000000,0x00000000e2500000)
  from space 10752K, 99% used [0x00000000e3400000,0x00000000e3e79d08,0x00000000e3e80000)
  to   space 15360K, 0% used [0x00000000e2500000,0x00000000e2500000,0x00000000e3400000)
 ParOldGen       total 46592K, used 16942K [0x0000000082000000, 0x0000000084d80000, 0x00000000d6000000)
  object space 46592K, 36% used [0x0000000082000000,0x000000008308b998,0x0000000084d80000)
 Metaspace       used 33837K, capacity 35346K, committed 35496K, reserved 1079296K
  class space    used 4480K, capacity 4790K, committed 4864K, reserved 1048576K
}
Event: 2.552 GC heap before
{Heap before GC invocations=10 (full 2):
 PSYoungGen      total 212480K, used 10727K [0x00000000d6000000, 0x00000000e5680000, 0x0000000100000000)
  eden space 201728K, 0% used [0x00000000d6000000,0x00000000d6000000,0x00000000e2500000)
  from space 10752K, 99% used [0x00000000e3400000,0x00000000e3e79d08,0x00000000e3e80000)
  to   space 15360K, 0% used [0x00000000e2500000,0x00000000e2500000,0x00000000e3400000)
 ParOldGen       total 46592K, used 16942K [0x0000000082000000, 0x0000000084d80000, 0x00000000d6000000)
  object space 46592K, 36% used [0x0000000082000000,0x000000008308b998,0x0000000084d80000)
 Metaspace       used 33837K, capacity 35346K, committed 35496K, reserved 1079296K
  class space    used 4480K, capacity 4790K, committed 4864K, reserved 1048576K
Event: 2.598 GC heap after
Heap after GC invocations=10 (full 2):
 PSYoungGen      total 212480K, used 0K [0x00000000d6000000, 0x00000000e5680000, 0x0000000100000000)
  eden space 201728K, 0% used [0x00000000d6000000,0x00000000d6000000,0x00000000e2500000)
  from space 10752K, 0% used [0x00000000e3400000,0x00000000e3400000,0x00000000e3e80000)
  to   space 15360K, 0% used [0x00000000e2500000,0x00000000e2500000,0x00000000e3400000)
 ParOldGen       total 81408K, used 23576K [0x0000000082000000, 0x0000000086f80000, 0x00000000d6000000)
  object space 81408K, 28% used [0x0000000082000000,0x0000000083706150,0x0000000086f80000)
 Metaspace       used 33837K, capacity 35346K, committed 35496K, reserved 1079296K
  class space    used 4480K, capacity 4790K, committed 4864K, reserved 1048576K
}
Event: 7.144 GC heap before
{Heap before GC invocations=11 (full 2):
 PSYoungGen      total 212480K, used 201728K [0x00000000d6000000, 0x00000000e5680000, 0x0000000100000000)
  eden space 201728K, 100% used [0x00000000d6000000,0x00000000e2500000,0x00000000e2500000)
  from space 10752K, 0% used [0x00000000e3400000,0x00000000e3400000,0x00000000e3e80000)
  to   space 15360K, 0% used [0x00000000e2500000,0x00000000e2500000,0x00000000e3400000)
 ParOldGen       total 81408K, used 23576K [0x0000000082000000, 0x0000000086f80000, 0x00000000d6000000)
  object space 81408K, 28% used [0x0000000082000000,0x0000000083706150,0x0000000086f80000)
 Metaspace       used 49955K, capacity 52196K, committed 52352K, reserved 1093632K
  class space    used 6748K, capacity 7183K, committed 7296K, reserved 1048576K
Event: 7.162 GC heap after
Heap after GC invocations=11 (full 2):
 PSYoungGen      total 217088K, used 15345K [0x00000000d6000000, 0x00000000e9680000, 0x0000000100000000)
  eden space 201728K, 0% used [0x00000000d6000000,0x00000000d6000000,0x00000000e2500000)
  from space 15360K, 99% used [0x00000000e2500000,0x00000000e33fc688,0x00000000e3400000)
  to   space 20480K, 0% used [0x00000000e8280000,0x00000000e8280000,0x00000000e9680000)
 ParOldGen       total 81408K, used 30233K [0x0000000082000000, 0x0000000086f80000, 0x00000000d6000000)
  object space 81408K, 37% used [0x0000000082000000,0x0000000083d86450,0x0000000086f80000)
 Metaspace       used 49955K, capacity 52196K, committed 52352K, reserved 1093632K
  class space    used 6748K, capacity 7183K, committed 7296K, reserved 1048576K
}
Event: 10.055 GC heap before
{Heap before GC invocations=12 (full 2):
 PSYoungGen      total 217088K, used 205488K [0x00000000d6000000, 0x00000000e9680000, 0x0000000100000000)
  eden space 201728K, 94% used [0x00000000d6000000,0x00000000e19afcf0,0x00000000e2500000)
  from space 15360K, 99% used [0x00000000e2500000,0x00000000e33fc688,0x00000000e3400000)
  to   space 20480K, 0% used [0x00000000e8280000,0x00000000e8280000,0x00000000e9680000)
 ParOldGen       total 81408K, used 30233K [0x0000000082000000, 0x0000000086f80000, 0x00000000d6000000)
  object space 81408K, 37% used [0x0000000082000000,0x0000000083d86450,0x0000000086f80000)
 Metaspace       used 56407K, capacity 58992K, committed 59136K, reserved 1099776K
  class space    used 7603K, capacity 8075K, committed 8192K, reserved 1048576K
Event: 10.069 GC heap after
Heap after GC invocations=12 (full 2):
 PSYoungGen      total 288768K, used 19291K [0x00000000d6000000, 0x00000000e9580000, 0x0000000100000000)
  eden space 269312K, 0% used [0x00000000d6000000,0x00000000d6000000,0x00000000e6700000)
  from space 19456K, 99% used [0x00000000e8280000,0x00000000e9556c58,0x00000000e9580000)
  to   space 22528K, 0% used [0x00000000e6980000,0x00000000e6980000,0x00000000e7f80000)
 ParOldGen       total 81408K, used 30241K [0x0000000082000000, 0x0000000086f80000, 0x00000000d6000000)
  object space 81408K, 37% used [0x0000000082000000,0x0000000083d88450,0x0000000086f80000)
 Metaspace       used 56407K, capacity 58992K, committed 59136K, reserved 1099776K
  class space    used 7603K, capacity 8075K, committed 8192K, reserved 1048576K
}
Event: 10.069 GC heap before
{Heap before GC invocations=13 (full 3):
 PSYoungGen      total 288768K, used 19291K [0x00000000d6000000, 0x00000000e9580000, 0x0000000100000000)
  eden space 269312K, 0% used [0x00000000d6000000,0x00000000d6000000,0x00000000e6700000)
  from space 19456K, 99% used [0x00000000e8280000,0x00000000e9556c58,0x00000000e9580000)
  to   space 22528K, 0% used [0x00000000e6980000,0x00000000e6980000,0x00000000e7f80000)
 ParOldGen       total 81408K, used 30241K [0x0000000082000000, 0x0000000086f80000, 0x00000000d6000000)
  object space 81408K, 37% used [0x0000000082000000,0x0000000083d88450,0x0000000086f80000)
 Metaspace       used 56407K, capacity 58992K, committed 59136K, reserved 1099776K
  class space    used 7603K, capacity 8075K, committed 8192K, reserved 1048576K
Event: 10.170 GC heap after
Heap after GC invocations=13 (full 3):
 PSYoungGen      total 288768K, used 0K [0x00000000d6000000, 0x00000000e9580000, 0x0000000100000000)
  eden space 269312K, 0% used [0x00000000d6000000,0x00000000d6000000,0x00000000e6700000)
  from space 19456K, 0% used [0x00000000e8280000,0x00000000e8280000,0x00000000e9580000)
  to   space 22528K, 0% used [0x00000000e6980000,0x00000000e6980000,0x00000000e7f80000)
 ParOldGen       total 106496K, used 34575K [0x0000000082000000, 0x0000000088800000, 0x00000000d6000000)
  object space 106496K, 32% used [0x0000000082000000,0x00000000841c3fc0,0x0000000088800000)
 Metaspace       used 56407K, capacity 58992K, committed 59136K, reserved 1099776K
  class space    used 7603K, capacity 8075K, committed 8192K, reserved 1048576K
}

